The system is: Linux - 4.4.0-17134-Microsoft - x86_64
Compiling the C compiler identification source file "CMakeCCompilerId.c" succeeded.
Compiler: /usr/bin/cc 
Build flags: 
Id flags: 

The output was:
0


Compilation of the C compiler identification source "CMakeCCompilerId.c" produced "a.out"

The C compiler identification is GNU, found in "/home/bartlebooth/CarND-Unscented-Kalman-Filter-Project/src/CMakeFiles/3.5.1/CompilerIdC/a.out"

Compiling the CXX compiler identification source file "CMakeCXXCompilerId.cpp" succeeded.
Compiler: /usr/bin/c++ 
Build flags: 
Id flags: 

The output was:
0


Compilation of the CXX compiler identification source "CMakeCXXCompilerId.cpp" produced "a.out"

The CXX compiler identification is GNU, found in "/home/bartlebooth/CarND-Unscented-Kalman-Filter-Project/src/CMakeFiles/3.5.1/CompilerIdCXX/a.out"

Determining if the C compiler works passed with the following output:
Change Dir: /home/bartlebooth/CarND-Unscented-Kalman-Filter-Project/src/CMakeFiles/CMakeTmp

Run Build Command:"/usr/bin/make" "cmTC_17dbc/fast"
/usr/bin/make -f CMakeFiles/cmTC_17dbc.dir/build.make CMakeFiles/cmTC_17dbc.dir/build
make[1]: Entering directory '/home/bartlebooth/CarND-Unscented-Kalman-Filter-Project/src/CMakeFiles/CMakeTmp'
Building C object CMakeFiles/cmTC_17dbc.dir/testCCompiler.c.o
/usr/bin/cc     -o CMakeFiles/cmTC_17dbc.dir/testCCompiler.c.o   -c /home/bartlebooth/CarND-Unscented-Kalman-Filter-Project/src/CMakeFiles/CMakeTmp/testCCompiler.c
Linking C executable cmTC_17dbc
/usr/bin/cmake -E cmake_link_script CMakeFiles/cmTC_17dbc.dir/link.txt --verbose=1
/usr/bin/cc       CMakeFiles/cmTC_17dbc.dir/testCCompiler.c.o  -o cmTC_17dbc -rdynamic 
make[1]: Leaving directory '/home/bartlebooth/CarND-Unscented-Kalman-Filter-Project/src/CMakeFiles/CMakeTmp'


